<?xml version="1.0" encoding="UTF-8"?>
<testsuite name="com.mcartagena.processor.SimpleSourceDestinationMapperTest" time="0.005" tests="2" errors="0" skipped="0" failures="0">
  <properties>
[...]
</properties>
  <testcase name="givenDestinationToSource_whenMaps_thenCorrect" classname="com.mcartagena.processor.SimpleSourceDestinationMapperTest" time="0.005"/>
  <testcase name="givenSourceToDestination_whenMaps_thenCorrect" classname="com.mcartagena.processor.SimpleSourceDestinationMapperTest" time="0"/>
</testsuite>